=== Confirmatory battery: task=all mode=CONFIRMATORY (registered test seeds) ===
Test seeds (201, 202, 203, 204, 205), SSB seeds (41, 43) n=100 (prereg section 4, frozen at prereg-v1)

[t1] seed 201: pairs=BGL->Spirit,BGL->Thunderbird,HDFS->OpenStack index=800 query=200 scorer=surprisal (frozen)
Sampling BGL sessions (size=800, seed=201)...
BGL class counts: 400 Anomaly / 400 Normal
Sampling Spirit sessions (size=200, seed=201)...
Spirit (first 20M lines): 2191756 sessions, 1271275 with >=3 lines (53089 anomalous / 1218186 normal)
Spirit sample: 200 sessions (100 Anomaly / 100 Normal)
Spirit class counts: 100 Anomaly / 100 Normal

--- Running transfer evaluation BGL->spirit_first20M[seed201][surprisal] (800 index / 200 query cases) ---
Encoding index cases...
Encoding query cases...
Building SMA Index (scorer=surprisal)...
Building BM25 Index...
Building Dense RAG Index (SentenceTransformers)...
Building KG-PPR Proxy Index...
Building HippoRAG Index...
Loading cross-encoder reranker (Hybrid+Rerank)...
Starting retrieval runs...
Processed 20/200 retrieval runs...
Processed 40/200 retrieval runs...
Processed 60/200 retrieval runs...
Processed 80/200 retrieval runs...
Processed 100/200 retrieval runs...
Processed 120/200 retrieval runs...
Processed 140/200 retrieval runs...
Processed 160/200 retrieval runs...
Processed 180/200 retrieval runs...
Processed 200/200 retrieval runs...
Method: SMA
  Macro-F1: 0.8640
  label_hit_rate@1: 0.8700, label_hit_rate@5: 0.7630, label_hit_rate@10: 0.6715
  p50 Latency: 311.299 ms, p95 Latency: 650.676 ms
Method: BM25
  Macro-F1: 0.3940
  label_hit_rate@1: 0.5600, label_hit_rate@5: 0.5040, label_hit_rate@10: 0.5115
  p50 Latency: 9.598 ms, p95 Latency: 33.118 ms
Method: Dense RAG
  Macro-F1: 0.4875
  label_hit_rate@1: 0.6500, label_hit_rate@5: 0.4800, label_hit_rate@10: 0.4430
  p50 Latency: 20.923 ms, p95 Latency: 28.147 ms
Method: KG-PPR Proxy
  Macro-F1: 0.8843
  label_hit_rate@1: 0.5000, label_hit_rate@5: 0.8210, label_hit_rate@10: 0.7780
  p50 Latency: 3.869 ms, p95 Latency: 7.946 ms
Method: HippoRAG
  Macro-F1: 0.7688
  label_hit_rate@1: 0.5000, label_hit_rate@5: 0.6490, label_hit_rate@10: 0.6950
  p50 Latency: 240.090 ms, p95 Latency: 665.531 ms
Method: Hybrid-RRF
  Macro-F1: 0.4964
  label_hit_rate@1: 0.6100, label_hit_rate@5: 0.5500, label_hit_rate@10: 0.4900
  p50 Latency: 34.502 ms, p95 Latency: 56.673 ms
Method: Hybrid+Rerank
  Macro-F1: 0.5290
  label_hit_rate@1: 0.5100, label_hit_rate@5: 0.5220, label_hit_rate@10: 0.5035
  p50 Latency: 963.235 ms, p95 Latency: 1155.730 ms
Sampling Thunderbird sessions (size=200, seed=201)...
Thunderbird class counts: 100 Anomaly / 100 Normal

--- Running transfer evaluation BGL->thunderbird_first20M[seed201][surprisal] (800 index / 200 query cases) ---
Encoding index cases...
Encoding query cases...
Building SMA Index (scorer=surprisal)...
Building BM25 Index...
Building Dense RAG Index (SentenceTransformers)...
Building KG-PPR Proxy Index...
Building HippoRAG Index...
Loading cross-encoder reranker (Hybrid+Rerank)...
Starting retrieval runs...
Processed 20/200 retrieval runs...
Processed 40/200 retrieval runs...
Processed 60/200 retrieval runs...
Processed 80/200 retrieval runs...
Processed 100/200 retrieval runs...
Processed 120/200 retrieval runs...
Processed 140/200 retrieval runs...
Processed 160/200 retrieval runs...
Processed 180/200 retrieval runs...
Processed 200/200 retrieval runs...
Method: SMA
  Macro-F1: 0.7150
  label_hit_rate@1: 0.8850, label_hit_rate@5: 0.7580, label_hit_rate@10: 0.6975
  p50 Latency: 720.765 ms, p95 Latency: 1331.309 ms
Method: BM25
  Macro-F1: 0.4915
  label_hit_rate@1: 0.5650, label_hit_rate@5: 0.5030, label_hit_rate@10: 0.6190
  p50 Latency: 89.999 ms, p95 Latency: 141.502 ms
Method: Dense RAG
  Macro-F1: 0.7630
  label_hit_rate@1: 0.7650, label_hit_rate@5: 0.7900, label_hit_rate@10: 0.8105
  p50 Latency: 28.913 ms, p95 Latency: 38.456 ms
Method: KG-PPR Proxy
  Macro-F1: 0.7150
  label_hit_rate@1: 0.5000, label_hit_rate@5: 0.7260, label_hit_rate@10: 0.6990
  p50 Latency: 10.521 ms, p95 Latency: 15.116 ms
Method: HippoRAG
  Macro-F1: 0.8412
  label_hit_rate@1: 0.8500, label_hit_rate@5: 0.5820, label_hit_rate@10: 0.4800
  p50 Latency: 239.319 ms, p95 Latency: 711.578 ms
Method: Hybrid-RRF
  Macro-F1: 0.6800
  label_hit_rate@1: 0.7350, label_hit_rate@5: 0.6480, label_hit_rate@10: 0.6585
  p50 Latency: 117.884 ms, p95 Latency: 179.347 ms
Method: Hybrid+Rerank
  Macro-F1: 0.5625
  label_hit_rate@1: 0.5050, label_hit_rate@5: 0.6440, label_hit_rate@10: 0.7415
  p50 Latency: 1024.054 ms, p95 Latency: 1114.217 ms
Sampling HDFS sessions (size=800, seed=201)...
HDFS class counts: 400 Anomaly / 400 Normal
Sampling OpenStack sessions (size=200, seed=201)...
OpenStack class counts: 100 Anomaly / 100 Normal

--- Running transfer evaluation HDFS->OpenStack[seed201][surprisal] (800 index / 200 query cases) ---
Encoding index cases...
Encoding query cases...
Building SMA Index (scorer=surprisal)...
Building BM25 Index...
Building Dense RAG Index (SentenceTransformers)...
Building KG-PPR Proxy Index...
Building HippoRAG Index...
Loading cross-encoder reranker (Hybrid+Rerank)...
Starting retrieval runs...
Processed 20/200 retrieval runs...
Processed 40/200 retrieval runs...
Processed 60/200 retrieval runs...
Processed 80/200 retrieval runs...
Processed 100/200 retrieval runs...
Processed 120/200 retrieval runs...
Processed 140/200 retrieval runs...
Processed 160/200 retrieval runs...
Processed 180/200 retrieval runs...
Processed 200/200 retrieval runs...
Method: SMA
  Macro-F1: 0.3333
  label_hit_rate@1: 0.5000, label_hit_rate@5: 0.5000, label_hit_rate@10: 0.5000
  p50 Latency: 401.341 ms, p95 Latency: 693.193 ms
  [DIAGNOSTIC ALERT] Retrieval collapse: predicted only 'Anomaly' sessions
Method: BM25
  Macro-F1: 0.3333
  label_hit_rate@1: 0.5000, label_hit_rate@5: 0.5000, label_hit_rate@10: 0.5000
  p50 Latency: 38.785 ms, p95 Latency: 43.585 ms
  [DIAGNOSTIC ALERT] Retrieval collapse: predicted only 'Anomaly' sessions
Method: Dense RAG
  Macro-F1: 0.3837
  label_hit_rate@1: 0.4950, label_hit_rate@5: 0.4980, label_hit_rate@10: 0.4955
  p50 Latency: 27.202 ms, p95 Latency: 31.963 ms
Method: KG-PPR Proxy
  Macro-F1: 0.3333
  label_hit_rate@1: 0.5000, label_hit_rate@5: 0.4980, label_hit_rate@10: 0.5000
  p50 Latency: 8.745 ms, p95 Latency: 10.111 ms
  [DIAGNOSTIC ALERT] Retrieval collapse: predicted only 'Anomaly' sessions
Method: HippoRAG
  Macro-F1: 0.3333
  label_hit_rate@1: 0.5000, label_hit_rate@5: 0.5000, label_hit_rate@10: 0.5000
  p50 Latency: 66.735 ms, p95 Latency: 355.366 ms
  [DIAGNOSTIC ALERT] Retrieval collapse: predicted only 'Anomaly' sessions
Method: Hybrid-RRF
  Macro-F1: 0.3333
  label_hit_rate@1: 0.4950, label_hit_rate@5: 0.5030, label_hit_rate@10: 0.4990
  p50 Latency: 65.553 ms, p95 Latency: 72.446 ms
  [DIAGNOSTIC ALERT] Retrieval collapse: predicted only 'Anomaly' sessions
Method: Hybrid+Rerank
  Macro-F1: 0.3537
  label_hit_rate@1: 0.5150, label_hit_rate@5: 0.4760, label_hit_rate@10: 0.4835
  p50 Latency: 984.464 ms, p95 Latency: 1111.458 ms
Appended 26 rows to /mnt/zephyr27/Documents/SMA-1/reports/confirmatory/t1_transfer_metrics.csv

[t1] seed 202: pairs=BGL->Spirit,BGL->Thunderbird,HDFS->OpenStack index=800 query=200 scorer=surprisal (frozen)
Sampling BGL sessions (size=800, seed=202)...
BGL class counts: 400 Anomaly / 400 Normal
Sampling Spirit sessions (size=200, seed=202)...
Spirit (first 20M lines): 2191756 sessions, 1271275 with >=3 lines (53089 anomalous / 1218186 normal)
Spirit sample: 200 sessions (100 Anomaly / 100 Normal)
Spirit class counts: 100 Anomaly / 100 Normal

--- Running transfer evaluation BGL->spirit_first20M[seed202][surprisal] (800 index / 200 query cases) ---
Encoding index cases...
Encoding query cases...
Building SMA Index (scorer=surprisal)...
Building BM25 Index...
Building Dense RAG Index (SentenceTransformers)...
Building KG-PPR Proxy Index...
Building HippoRAG Index...
Loading cross-encoder reranker (Hybrid+Rerank)...
Starting retrieval runs...
Processed 20/200 retrieval runs...
Processed 40/200 retrieval runs...
Processed 60/200 retrieval runs...
Processed 80/200 retrieval runs...
Processed 100/200 retrieval runs...
Processed 120/200 retrieval runs...
Processed 140/200 retrieval runs...
Processed 160/200 retrieval runs...
Processed 180/200 retrieval runs...
Processed 200/200 retrieval runs...
Method: SMA
  Macro-F1: 0.5290
  label_hit_rate@1: 0.5600, label_hit_rate@5: 0.6240, label_hit_rate@10: 0.5930
  p50 Latency: 263.305 ms, p95 Latency: 824.074 ms
Method: BM25
  Macro-F1: 0.3959
  label_hit_rate@1: 0.4900, label_hit_rate@5: 0.5050, label_hit_rate@10: 0.4720
  p50 Latency: 16.026 ms, p95 Latency: 29.750 ms
Method: Dense RAG
  Macro-F1: 0.5513
  label_hit_rate@1: 0.7100, label_hit_rate@5: 0.5440, label_hit_rate@10: 0.4850
  p50 Latency: 20.575 ms, p95 Latency: 27.604 ms
Method: KG-PPR Proxy
  Macro-F1: 0.3333
  label_hit_rate@1: 0.5350, label_hit_rate@5: 0.6340, label_hit_rate@10: 0.6065
  p50 Latency: 4.362 ms, p95 Latency: 6.823 ms
  [DIAGNOSTIC ALERT] Retrieval collapse: predicted only 'Anomaly' sessions
Method: HippoRAG
  Macro-F1: 0.3597
  label_hit_rate@1: 0.3750, label_hit_rate@5: 0.4100, label_hit_rate@10: 0.4225
  p50 Latency: 224.620 ms, p95 Latency: 724.485 ms
Method: Hybrid-RRF
  Macro-F1: 0.5025
  label_hit_rate@1: 0.7300, label_hit_rate@5: 0.5690, label_hit_rate@10: 0.5255
  p50 Latency: 38.752 ms, p95 Latency: 55.221 ms
Method: Hybrid+Rerank
  Macro-F1: 0.4930
  label_hit_rate@1: 0.6300, label_hit_rate@5: 0.5360, label_hit_rate@10: 0.4950
  p50 Latency: 917.934 ms, p95 Latency: 984.664 ms
Sampling Thunderbird sessions (size=200, seed=202)...
Thunderbird class counts: 100 Anomaly / 100 Normal

--- Running transfer evaluation BGL->thunderbird_first20M[seed202][surprisal] (800 index / 200 query cases) ---
Encoding index cases...
Encoding query cases...
Building SMA Index (scorer=surprisal)...
Building BM25 Index...
Building Dense RAG Index (SentenceTransformers)...
Building KG-PPR Proxy Index...
Building HippoRAG Index...
Loading cross-encoder reranker (Hybrid+Rerank)...
Starting retrieval runs...
Processed 20/200 retrieval runs...
Processed 40/200 retrieval runs...
Processed 60/200 retrieval runs...
Processed 80/200 retrieval runs...
Processed 100/200 retrieval runs...
Processed 120/200 retrieval runs...
Processed 140/200 retrieval runs...
Processed 160/200 retrieval runs...
Processed 180/200 retrieval runs...
Processed 200/200 retrieval runs...
Method: SMA
  Macro-F1: 0.7453
  label_hit_rate@1: 0.9050, label_hit_rate@5: 0.7370, label_hit_rate@10: 0.6795
  p50 Latency: 739.850 ms, p95 Latency: 1319.085 ms
Method: BM25
  Macro-F1: 0.3879
  label_hit_rate@1: 0.5350, label_hit_rate@5: 0.4620, label_hit_rate@10: 0.6215
  p50 Latency: 85.318 ms, p95 Latency: 140.252 ms
Method: Dense RAG
  Macro-F1: 0.6997
  label_hit_rate@1: 0.7050, label_hit_rate@5: 0.7280, label_hit_rate@10: 0.7845
  p50 Latency: 28.093 ms, p95 Latency: 39.205 ms
Method: KG-PPR Proxy
  Macro-F1: 0.3333
  label_hit_rate@1: 0.6500, label_hit_rate@5: 0.6780, label_hit_rate@10: 0.6150
  p50 Latency: 9.424 ms, p95 Latency: 14.814 ms
  [DIAGNOSTIC ALERT] Retrieval collapse: predicted only 'Anomaly' sessions
Method: HippoRAG
  Macro-F1: 0.9045
  label_hit_rate@1: 0.6550, label_hit_rate@5: 0.6920, label_hit_rate@10: 0.6000
  p50 Latency: 230.377 ms, p95 Latency: 689.895 ms
Method: Hybrid-RRF
  Macro-F1: 0.6666
  label_hit_rate@1: 0.6200, label_hit_rate@5: 0.6450, label_hit_rate@10: 0.6100
  p50 Latency: 116.938 ms, p95 Latency: 176.810 ms
Method: Hybrid+Rerank
  Macro-F1: 0.6153
  label_hit_rate@1: 0.5700, label_hit_rate@5: 0.6420, label_hit_rate@10: 0.7085
  p50 Latency: 975.855 ms, p95 Latency: 1053.255 ms
Sampling HDFS sessions (size=800, seed=202)...
HDFS class counts: 400 Anomaly / 400 Normal
Sampling OpenStack sessions (size=200, seed=202)...
OpenStack class counts: 100 Anomaly / 100 Normal

--- Running transfer evaluation HDFS->OpenStack[seed202][surprisal] (800 index / 200 query cases) ---
Encoding index cases...
Encoding query cases...
Building SMA Index (scorer=surprisal)...
Building BM25 Index...
Building Dense RAG Index (SentenceTransformers)...
Building KG-PPR Proxy Index...
Building HippoRAG Index...
Loading cross-encoder reranker (Hybrid+Rerank)...
Starting retrieval runs...
Processed 20/200 retrieval runs...
Processed 40/200 retrieval runs...
Processed 60/200 retrieval runs...
Processed 80/200 retrieval runs...
Processed 100/200 retrieval runs...
Processed 120/200 retrieval runs...
Processed 140/200 retrieval runs...
Processed 160/200 retrieval runs...
Processed 180/200 retrieval runs...
Processed 200/200 retrieval runs...
Method: SMA
  Macro-F1: 0.3333
  label_hit_rate@1: 0.5000, label_hit_rate@5: 0.5000, label_hit_rate@10: 0.5000
  p50 Latency: 422.625 ms, p95 Latency: 708.374 ms
  [DIAGNOSTIC ALERT] Retrieval collapse: predicted only 'Anomaly' sessions
Method: BM25
  Macro-F1: 0.3333
  label_hit_rate@1: 0.5000, label_hit_rate@5: 0.5000, label_hit_rate@10: 0.5000
  p50 Latency: 39.525 ms, p95 Latency: 41.768 ms
  [DIAGNOSTIC ALERT] Retrieval collapse: predicted only 'Anomaly' sessions
Method: Dense RAG
  Macro-F1: 0.3333
  label_hit_rate@1: 0.5000, label_hit_rate@5: 0.5080, label_hit_rate@10: 0.5045
  p50 Latency: 27.629 ms, p95 Latency: 30.605 ms
  [DIAGNOSTIC ALERT] Retrieval collapse: predicted only 'Normal' sessions
Method: KG-PPR Proxy
  Macro-F1: 0.3828
  label_hit_rate@1: 0.4950, label_hit_rate@5: 0.5040, label_hit_rate@10: 0.5005
  p50 Latency: 8.503 ms, p95 Latency: 9.590 ms
Method: HippoRAG
  Macro-F1: 0.3333
  label_hit_rate@1: 0.5000, label_hit_rate@5: 0.5000, label_hit_rate@10: 0.5000
  p50 Latency: 64.572 ms, p95 Latency: 352.861 ms
  [DIAGNOSTIC ALERT] Retrieval collapse: predicted only 'Anomaly' sessions
Method: Hybrid-RRF
  Macro-F1: 0.3311
  label_hit_rate@1: 0.5000, label_hit_rate@5: 0.5020, label_hit_rate@10: 0.5040
  p50 Latency: 65.050 ms, p95 Latency: 69.510 ms
Method: Hybrid+Rerank
  Macro-F1: 0.4595
  label_hit_rate@1: 0.5100, label_hit_rate@5: 0.4670, label_hit_rate@10: 0.4815
  p50 Latency: 876.348 ms, p95 Latency: 916.972 ms
Appended 27 rows to /mnt/zephyr27/Documents/SMA-1/reports/confirmatory/t1_transfer_metrics.csv

[t1] seed 203: pairs=BGL->Spirit,BGL->Thunderbird,HDFS->OpenStack index=800 query=200 scorer=surprisal (frozen)
Sampling BGL sessions (size=800, seed=203)...
BGL class counts: 400 Anomaly / 400 Normal
Sampling Spirit sessions (size=200, seed=203)...
Spirit (first 20M lines): 2191756 sessions, 1271275 with >=3 lines (53089 anomalous / 1218186 normal)
Spirit sample: 200 sessions (100 Anomaly / 100 Normal)
Spirit class counts: 100 Anomaly / 100 Normal

--- Running transfer evaluation BGL->spirit_first20M[seed203][surprisal] (800 index / 200 query cases) ---
Encoding index cases...
Encoding query cases...
Building SMA Index (scorer=surprisal)...
Building BM25 Index...
Building Dense RAG Index (SentenceTransformers)...
Building KG-PPR Proxy Index...
Building HippoRAG Index...
Loading cross-encoder reranker (Hybrid+Rerank)...
Starting retrieval runs...
Processed 20/200 retrieval runs...
Processed 40/200 retrieval runs...
Processed 60/200 retrieval runs...
Processed 80/200 retrieval runs...
Processed 100/200 retrieval runs...
Processed 120/200 retrieval runs...
Processed 140/200 retrieval runs...
Processed 160/200 retrieval runs...
Processed 180/200 retrieval runs...
Processed 200/200 retrieval runs...
Method: SMA
  Macro-F1: 0.5443
  label_hit_rate@1: 0.6000, label_hit_rate@5: 0.7130, label_hit_rate@10: 0.6945
  p50 Latency: 342.572 ms, p95 Latency: 864.646 ms
Method: BM25
  Macro-F1: 0.3812
  label_hit_rate@1: 0.5500, label_hit_rate@5: 0.4810, label_hit_rate@10: 0.4560
  p50 Latency: 17.549 ms, p95 Latency: 49.115 ms
Method: Dense RAG
  Macro-F1: 0.2688
  label_hit_rate@1: 0.3300, label_hit_rate@5: 0.3870, label_hit_rate@10: 0.3780
  p50 Latency: 20.579 ms, p95 Latency: 28.326 ms
Method: KG-PPR Proxy
  Macro-F1: 0.3443
  label_hit_rate@1: 0.5050, label_hit_rate@5: 0.6320, label_hit_rate@10: 0.6105
  p50 Latency: 4.112 ms, p95 Latency: 8.877 ms
Method: HippoRAG
  Macro-F1: 0.4172
  label_hit_rate@1: 0.5100, label_hit_rate@5: 0.5600, label_hit_rate@10: 0.5855
  p50 Latency: 226.064 ms, p95 Latency: 701.434 ms
Method: Hybrid-RRF
  Macro-F1: 0.4949
  label_hit_rate@1: 0.6050, label_hit_rate@5: 0.4380, label_hit_rate@10: 0.4240
  p50 Latency: 39.460 ms, p95 Latency: 76.234 ms
Method: Hybrid+Rerank
  Macro-F1: 0.4466
  label_hit_rate@1: 0.4750, label_hit_rate@5: 0.4470, label_hit_rate@10: 0.4415
  p50 Latency: 931.182 ms, p95 Latency: 986.565 ms
Sampling Thunderbird sessions (size=200, seed=203)...
Thunderbird class counts: 100 Anomaly / 100 Normal

--- Running transfer evaluation BGL->thunderbird_first20M[seed203][surprisal] (800 index / 200 query cases) ---
Encoding index cases...
Encoding query cases...
Building SMA Index (scorer=surprisal)...
Building BM25 Index...
Building Dense RAG Index (SentenceTransformers)...
Building KG-PPR Proxy Index...
Building HippoRAG Index...
Loading cross-encoder reranker (Hybrid+Rerank)...
Starting retrieval runs...
Processed 20/200 retrieval runs...
Processed 40/200 retrieval runs...
Processed 60/200 retrieval runs...
Processed 80/200 retrieval runs...
Processed 100/200 retrieval runs...
Processed 120/200 retrieval runs...
Processed 140/200 retrieval runs...
Processed 160/200 retrieval runs...
Processed 180/200 retrieval runs...
Processed 200/200 retrieval runs...
Method: SMA
  Macro-F1: 0.7273
  label_hit_rate@1: 0.8600, label_hit_rate@5: 0.7340, label_hit_rate@10: 0.7475
  p50 Latency: 736.632 ms, p95 Latency: 1357.481 ms
Method: BM25
  Macro-F1: 0.6399
  label_hit_rate@1: 0.6650, label_hit_rate@5: 0.6190, label_hit_rate@10: 0.7090
  p50 Latency: 92.231 ms, p95 Latency: 144.377 ms
Method: Dense RAG
  Macro-F1: 0.7104
  label_hit_rate@1: 0.6050, label_hit_rate@5: 0.7310, label_hit_rate@10: 0.7725
  p50 Latency: 30.785 ms, p95 Latency: 40.716 ms
Method: KG-PPR Proxy
  Macro-F1: 0.3333
  label_hit_rate@1: 0.5050, label_hit_rate@5: 0.6260, label_hit_rate@10: 0.6190
  p50 Latency: 10.669 ms, p95 Latency: 14.962 ms
  [DIAGNOSTIC ALERT] Retrieval collapse: predicted only 'Anomaly' sessions
Method: HippoRAG
  Macro-F1: 0.7394
  label_hit_rate@1: 0.7650, label_hit_rate@5: 0.7350, label_hit_rate@10: 0.7670
  p50 Latency: 235.098 ms, p95 Latency: 698.333 ms
Method: Hybrid-RRF
  Macro-F1: 0.7756
  label_hit_rate@1: 0.5500, label_hit_rate@5: 0.6950, label_hit_rate@10: 0.6850
  p50 Latency: 122.408 ms, p95 Latency: 179.922 ms
Method: Hybrid+Rerank
  Macro-F1: 0.7536
  label_hit_rate@1: 0.6200, label_hit_rate@5: 0.6950, label_hit_rate@10: 0.7265
  p50 Latency: 1028.457 ms, p95 Latency: 1108.077 ms
Sampling HDFS sessions (size=800, seed=203)...
HDFS class counts: 400 Anomaly / 400 Normal
Sampling OpenStack sessions (size=200, seed=203)...
OpenStack class counts: 100 Anomaly / 100 Normal

--- Running transfer evaluation HDFS->OpenStack[seed203][surprisal] (800 index / 200 query cases) ---
Encoding index cases...
Encoding query cases...
Building SMA Index (scorer=surprisal)...
Building BM25 Index...
Building Dense RAG Index (SentenceTransformers)...
Building KG-PPR Proxy Index...
Building HippoRAG Index...
Loading cross-encoder reranker (Hybrid+Rerank)...
Starting retrieval runs...
Processed 20/200 retrieval runs...
Processed 40/200 retrieval runs...
Processed 60/200 retrieval runs...
Processed 80/200 retrieval runs...
Processed 100/200 retrieval runs...
Processed 120/200 retrieval runs...
Processed 140/200 retrieval runs...
Processed 160/200 retrieval runs...
Processed 180/200 retrieval runs...
Processed 200/200 retrieval runs...
Method: SMA
  Macro-F1: 0.3333
  label_hit_rate@1: 0.5000, label_hit_rate@5: 0.5000, label_hit_rate@10: 0.5000
  p50 Latency: 422.819 ms, p95 Latency: 719.521 ms
  [DIAGNOSTIC ALERT] Retrieval collapse: predicted only 'Anomaly' sessions
Method: BM25
  Macro-F1: 0.3333
  label_hit_rate@1: 0.5000, label_hit_rate@5: 0.5000, label_hit_rate@10: 0.5000
  p50 Latency: 41.553 ms, p95 Latency: 45.836 ms
  [DIAGNOSTIC ALERT] Retrieval collapse: predicted only 'Anomaly' sessions
Method: Dense RAG
  Macro-F1: 0.4851
  label_hit_rate@1: 0.4950, label_hit_rate@5: 0.5020, label_hit_rate@10: 0.5055
  p50 Latency: 27.598 ms, p95 Latency: 33.438 ms
Method: KG-PPR Proxy
  Macro-F1: 0.3333
  label_hit_rate@1: 0.5000, label_hit_rate@5: 0.5000, label_hit_rate@10: 0.5000
  p50 Latency: 8.779 ms, p95 Latency: 10.006 ms
  [DIAGNOSTIC ALERT] Retrieval collapse: predicted only 'Anomaly' sessions
Method: HippoRAG
  Macro-F1: 0.3333
  label_hit_rate@1: 0.5000, label_hit_rate@5: 0.5000, label_hit_rate@10: 0.5000
  p50 Latency: 66.462 ms, p95 Latency: 361.527 ms
  [DIAGNOSTIC ALERT] Retrieval collapse: predicted only 'Anomaly' sessions
Method: Hybrid-RRF
  Macro-F1: 0.3333
  label_hit_rate@1: 0.4950, label_hit_rate@5: 0.5000, label_hit_rate@10: 0.5010
  p50 Latency: 67.751 ms, p95 Latency: 76.754 ms
  [DIAGNOSTIC ALERT] Retrieval collapse: predicted only 'Anomaly' sessions
Method: Hybrid+Rerank
  Macro-F1: 0.3866
  label_hit_rate@1: 0.5800, label_hit_rate@5: 0.5210, label_hit_rate@10: 0.5060
  p50 Latency: 980.290 ms, p95 Latency: 1088.070 ms
Appended 27 rows to /mnt/zephyr27/Documents/SMA-1/reports/confirmatory/t1_transfer_metrics.csv

[t1] seed 204: pairs=BGL->Spirit,BGL->Thunderbird,HDFS->OpenStack index=800 query=200 scorer=surprisal (frozen)
Sampling BGL sessions (size=800, seed=204)...
BGL class counts: 400 Anomaly / 400 Normal
Sampling Spirit sessions (size=200, seed=204)...
Spirit (first 20M lines): 2191756 sessions, 1271275 with >=3 lines (53089 anomalous / 1218186 normal)
Spirit sample: 200 sessions (100 Anomaly / 100 Normal)
Spirit class counts: 100 Anomaly / 100 Normal

--- Running transfer evaluation BGL->spirit_first20M[seed204][surprisal] (800 index / 200 query cases) ---
Encoding index cases...
Encoding query cases...
Building SMA Index (scorer=surprisal)...
Building BM25 Index...
Building Dense RAG Index (SentenceTransformers)...
Building KG-PPR Proxy Index...
Building HippoRAG Index...
Loading cross-encoder reranker (Hybrid+Rerank)...
Starting retrieval runs...
Processed 20/200 retrieval runs...
Processed 40/200 retrieval runs...
Processed 60/200 retrieval runs...
Processed 80/200 retrieval runs...
Processed 100/200 retrieval runs...
Processed 120/200 retrieval runs...
Processed 140/200 retrieval runs...
Processed 160/200 retrieval runs...
Processed 180/200 retrieval runs...
Processed 200/200 retrieval runs...
Method: SMA
  Macro-F1: 0.8591
  label_hit_rate@1: 0.5850, label_hit_rate@5: 0.7590, label_hit_rate@10: 0.6855
  p50 Latency: 332.873 ms, p95 Latency: 803.223 ms
Method: BM25
  Macro-F1: 0.4302
  label_hit_rate@1: 0.4750, label_hit_rate@5: 0.4360, label_hit_rate@10: 0.4500
  p50 Latency: 12.366 ms, p95 Latency: 41.818 ms
Method: Dense RAG
  Macro-F1: 0.3333
  label_hit_rate@1: 0.4400, label_hit_rate@5: 0.3950, label_hit_rate@10: 0.4245
  p50 Latency: 20.103 ms, p95 Latency: 27.993 ms
Method: KG-PPR Proxy
  Macro-F1: 0.8730
  label_hit_rate@1: 0.3850, label_hit_rate@5: 0.7870, label_hit_rate@10: 0.6685
  p50 Latency: 3.983 ms, p95 Latency: 8.405 ms
Method: HippoRAG
  Macro-F1: 0.8792
  label_hit_rate@1: 0.5000, label_hit_rate@5: 0.5610, label_hit_rate@10: 0.5370
  p50 Latency: 230.376 ms, p95 Latency: 701.307 ms
Method: Hybrid-RRF
  Macro-F1: 0.3242
  label_hit_rate@1: 0.5150, label_hit_rate@5: 0.4030, label_hit_rate@10: 0.4155
  p50 Latency: 35.207 ms, p95 Latency: 63.857 ms
Method: Hybrid+Rerank
  Macro-F1: 0.5225
  label_hit_rate@1: 0.6450, label_hit_rate@5: 0.5380, label_hit_rate@10: 0.4985
  p50 Latency: 906.771 ms, p95 Latency: 1031.779 ms
Sampling Thunderbird sessions (size=200, seed=204)...
Thunderbird class counts: 100 Anomaly / 100 Normal

--- Running transfer evaluation BGL->thunderbird_first20M[seed204][surprisal] (800 index / 200 query cases) ---
Encoding index cases...
Encoding query cases...
Building SMA Index (scorer=surprisal)...
Building BM25 Index...
Building Dense RAG Index (SentenceTransformers)...
Building KG-PPR Proxy Index...
Building HippoRAG Index...
Loading cross-encoder reranker (Hybrid+Rerank)...
Starting retrieval runs...
Processed 20/200 retrieval runs...
Processed 40/200 retrieval runs...
Processed 60/200 retrieval runs...
Processed 80/200 retrieval runs...
Processed 100/200 retrieval runs...
Processed 120/200 retrieval runs...
Processed 140/200 retrieval runs...
Processed 160/200 retrieval runs...
Processed 180/200 retrieval runs...
Processed 200/200 retrieval runs...
Method: SMA
  Macro-F1: 0.7088
  label_hit_rate@1: 0.8900, label_hit_rate@5: 0.7930, label_hit_rate@10: 0.7485
  p50 Latency: 723.549 ms, p95 Latency: 1331.903 ms
Method: BM25
  Macro-F1: 0.6695
  label_hit_rate@1: 0.6350, label_hit_rate@5: 0.6680, label_hit_rate@10: 0.7220
  p50 Latency: 99.802 ms, p95 Latency: 141.026 ms
Method: Dense RAG
  Macro-F1: 0.7273
  label_hit_rate@1: 0.7400, label_hit_rate@5: 0.7530, label_hit_rate@10: 0.7680
  p50 Latency: 30.647 ms, p95 Latency: 40.327 ms
Method: KG-PPR Proxy
  Macro-F1: 0.7211
  label_hit_rate@1: 0.5050, label_hit_rate@5: 0.7260, label_hit_rate@10: 0.6700
  p50 Latency: 10.416 ms, p95 Latency: 14.462 ms
Method: HippoRAG
  Macro-F1: 0.9297
  label_hit_rate@1: 0.7950, label_hit_rate@5: 0.7260, label_hit_rate@10: 0.7165
  p50 Latency: 244.688 ms, p95 Latency: 703.620 ms
Method: Hybrid-RRF
  Macro-F1: 0.6968
  label_hit_rate@1: 0.6250, label_hit_rate@5: 0.6920, label_hit_rate@10: 0.7155
  p50 Latency: 131.906 ms, p95 Latency: 176.721 ms
Method: Hybrid+Rerank
  Macro-F1: 0.6384
  label_hit_rate@1: 0.5200, label_hit_rate@5: 0.6640, label_hit_rate@10: 0.7135
  p50 Latency: 981.815 ms, p95 Latency: 1130.984 ms
Sampling HDFS sessions (size=800, seed=204)...
HDFS class counts: 400 Anomaly / 400 Normal
Sampling OpenStack sessions (size=200, seed=204)...
OpenStack class counts: 100 Anomaly / 100 Normal

--- Running transfer evaluation HDFS->OpenStack[seed204][surprisal] (800 index / 200 query cases) ---
Encoding index cases...
Encoding query cases...
Building SMA Index (scorer=surprisal)...
Building BM25 Index...
Building Dense RAG Index (SentenceTransformers)...
Building KG-PPR Proxy Index...
Building HippoRAG Index...
Loading cross-encoder reranker (Hybrid+Rerank)...
Starting retrieval runs...
Processed 20/200 retrieval runs...
Processed 40/200 retrieval runs...
Processed 60/200 retrieval runs...
Processed 80/200 retrieval runs...
Processed 100/200 retrieval runs...
Processed 120/200 retrieval runs...
Processed 140/200 retrieval runs...
Processed 160/200 retrieval runs...
Processed 180/200 retrieval runs...
Processed 200/200 retrieval runs...
Method: SMA
  Macro-F1: 0.3333
  label_hit_rate@1: 0.5000, label_hit_rate@5: 0.5000, label_hit_rate@10: 0.5000
  p50 Latency: 411.151 ms, p95 Latency: 707.688 ms
  [DIAGNOSTIC ALERT] Retrieval collapse: predicted only 'Anomaly' sessions
Method: BM25
  Macro-F1: 0.3333
  label_hit_rate@1: 0.5000, label_hit_rate@5: 0.5000, label_hit_rate@10: 0.5000
  p50 Latency: 39.717 ms, p95 Latency: 43.363 ms
  [DIAGNOSTIC ALERT] Retrieval collapse: predicted only 'Anomaly' sessions
Method: Dense RAG
  Macro-F1: 0.4524
  label_hit_rate@1: 0.5000, label_hit_rate@5: 0.5110, label_hit_rate@10: 0.5065
  p50 Latency: 27.812 ms, p95 Latency: 31.554 ms
Method: KG-PPR Proxy
  Macro-F1: 0.3333
  label_hit_rate@1: 0.5000, label_hit_rate@5: 0.5040, label_hit_rate@10: 0.5010
  p50 Latency: 8.594 ms, p95 Latency: 9.985 ms
  [DIAGNOSTIC ALERT] Retrieval collapse: predicted only 'Normal' sessions
Method: HippoRAG
  Macro-F1: 0.3333
  label_hit_rate@1: 0.5000, label_hit_rate@5: 0.5000, label_hit_rate@10: 0.5000
  p50 Latency: 66.951 ms, p95 Latency: 359.524 ms
  [DIAGNOSTIC ALERT] Retrieval collapse: predicted only 'Anomaly' sessions
Method: Hybrid-RRF
  Macro-F1: 0.3333
  label_hit_rate@1: 0.5000, label_hit_rate@5: 0.5020, label_hit_rate@10: 0.5075
  p50 Latency: 65.884 ms, p95 Latency: 73.521 ms
  [DIAGNOSTIC ALERT] Retrieval collapse: predicted only 'Anomaly' sessions
Method: Hybrid+Rerank
  Macro-F1: 0.5672
  label_hit_rate@1: 0.6450, label_hit_rate@5: 0.5200, label_hit_rate@10: 0.4995
  p50 Latency: 971.394 ms, p95 Latency: 1061.589 ms
Appended 26 rows to /mnt/zephyr27/Documents/SMA-1/reports/confirmatory/t1_transfer_metrics.csv

[t1] seed 205: pairs=BGL->Spirit,BGL->Thunderbird,HDFS->OpenStack index=800 query=200 scorer=surprisal (frozen)
Sampling BGL sessions (size=800, seed=205)...
BGL class counts: 400 Anomaly / 400 Normal
Sampling Spirit sessions (size=200, seed=205)...
Spirit (first 20M lines): 2191756 sessions, 1271275 with >=3 lines (53089 anomalous / 1218186 normal)
Spirit sample: 200 sessions (100 Anomaly / 100 Normal)
Spirit class counts: 100 Anomaly / 100 Normal

--- Running transfer evaluation BGL->spirit_first20M[seed205][surprisal] (800 index / 200 query cases) ---
Encoding index cases...
Encoding query cases...
Building SMA Index (scorer=surprisal)...
Building BM25 Index...
Building Dense RAG Index (SentenceTransformers)...
Building KG-PPR Proxy Index...
Building HippoRAG Index...
Loading cross-encoder reranker (Hybrid+Rerank)...
Starting retrieval runs...
Processed 20/200 retrieval runs...
Processed 40/200 retrieval runs...
Processed 60/200 retrieval runs...
Processed 80/200 retrieval runs...
Processed 100/200 retrieval runs...
Processed 120/200 retrieval runs...
Processed 140/200 retrieval runs...
Processed 160/200 retrieval runs...
Processed 180/200 retrieval runs...
Processed 200/200 retrieval runs...
Method: SMA
  Macro-F1: 0.5000
  label_hit_rate@1: 0.5650, label_hit_rate@5: 0.6290, label_hit_rate@10: 0.6750
  p50 Latency: 345.475 ms, p95 Latency: 851.558 ms
Method: BM25
  Macro-F1: 0.4253
  label_hit_rate@1: 0.6650, label_hit_rate@5: 0.5340, label_hit_rate@10: 0.4865
  p50 Latency: 22.233 ms, p95 Latency: 51.188 ms
Method: Dense RAG
  Macro-F1: 0.2650
  label_hit_rate@1: 0.4150, label_hit_rate@5: 0.3640, label_hit_rate@10: 0.4245
  p50 Latency: 20.530 ms, p95 Latency: 29.162 ms
Method: KG-PPR Proxy
  Macro-F1: 0.7550
  label_hit_rate@1: 0.7700, label_hit_rate@5: 0.6780, label_hit_rate@10: 0.7515
  p50 Latency: 4.438 ms, p95 Latency: 9.133 ms
Method: HippoRAG
  Macro-F1: 0.8748
  label_hit_rate@1: 0.8750, label_hit_rate@5: 0.8660, label_hit_rate@10: 0.6555
  p50 Latency: 226.648 ms, p95 Latency: 744.195 ms
Method: Hybrid-RRF
  Macro-F1: 0.5078
  label_hit_rate@1: 0.6200, label_hit_rate@5: 0.4970, label_hit_rate@10: 0.4470
  p50 Latency: 43.458 ms, p95 Latency: 76.318 ms
Method: Hybrid+Rerank
  Macro-F1: 0.4956
  label_hit_rate@1: 0.7150, label_hit_rate@5: 0.5460, label_hit_rate@10: 0.5085
  p50 Latency: 933.275 ms, p95 Latency: 1144.367 ms
Sampling Thunderbird sessions (size=200, seed=205)...
Thunderbird class counts: 100 Anomaly / 100 Normal

--- Running transfer evaluation BGL->thunderbird_first20M[seed205][surprisal] (800 index / 200 query cases) ---
Encoding index cases...
Encoding query cases...
Building SMA Index (scorer=surprisal)...
Building BM25 Index...
Building Dense RAG Index (SentenceTransformers)...
Building KG-PPR Proxy Index...
Building HippoRAG Index...
Loading cross-encoder reranker (Hybrid+Rerank)...
Starting retrieval runs...
Processed 20/200 retrieval runs...
Processed 40/200 retrieval runs...
Processed 60/200 retrieval runs...
Processed 80/200 retrieval runs...
Processed 100/200 retrieval runs...
Processed 120/200 retrieval runs...
Processed 140/200 retrieval runs...
Processed 160/200 retrieval runs...
Processed 180/200 retrieval runs...
Processed 200/200 retrieval runs...
Method: SMA
  Macro-F1: 0.7394
  label_hit_rate@1: 0.8550, label_hit_rate@5: 0.7500, label_hit_rate@10: 0.7355
  p50 Latency: 628.114 ms, p95 Latency: 1246.272 ms
Method: BM25
  Macro-F1: 0.5750
  label_hit_rate@1: 0.5900, label_hit_rate@5: 0.5550, label_hit_rate@10: 0.6230
  p50 Latency: 79.949 ms, p95 Latency: 133.938 ms
Method: Dense RAG
  Macro-F1: 0.6789
  label_hit_rate@1: 0.7450, label_hit_rate@5: 0.6960, label_hit_rate@10: 0.7310
  p50 Latency: 27.080 ms, p95 Latency: 37.375 ms
Method: KG-PPR Proxy
  Macro-F1: 0.7583
  label_hit_rate@1: 0.8450, label_hit_rate@5: 0.7060, label_hit_rate@10: 0.7240
  p50 Latency: 9.740 ms, p95 Latency: 12.531 ms
Method: HippoRAG
  Macro-F1: 0.6682
  label_hit_rate@1: 0.6850, label_hit_rate@5: 0.6970, label_hit_rate@10: 0.6275
  p50 Latency: 210.037 ms, p95 Latency: 652.280 ms
Method: Hybrid-RRF
  Macro-F1: 0.6236
  label_hit_rate@1: 0.4950, label_hit_rate@5: 0.5950, label_hit_rate@10: 0.6350
  p50 Latency: 103.615 ms, p95 Latency: 166.819 ms
Method: Hybrid+Rerank
  Macro-F1: 0.5102
  label_hit_rate@1: 0.4950, label_hit_rate@5: 0.6130, label_hit_rate@10: 0.6700
  p50 Latency: 902.838 ms, p95 Latency: 969.745 ms
Sampling HDFS sessions (size=800, seed=205)...
HDFS class counts: 400 Anomaly / 400 Normal
Sampling OpenStack sessions (size=200, seed=205)...
OpenStack class counts: 100 Anomaly / 100 Normal

--- Running transfer evaluation HDFS->OpenStack[seed205][surprisal] (800 index / 200 query cases) ---
Encoding index cases...
Encoding query cases...
Building SMA Index (scorer=surprisal)...
Building BM25 Index...
Building Dense RAG Index (SentenceTransformers)...
Building KG-PPR Proxy Index...
Building HippoRAG Index...
Loading cross-encoder reranker (Hybrid+Rerank)...
Starting retrieval runs...
Processed 20/200 retrieval runs...
Processed 40/200 retrieval runs...
Processed 60/200 retrieval runs...
Processed 80/200 retrieval runs...
Processed 100/200 retrieval runs...
Processed 120/200 retrieval runs...
Processed 140/200 retrieval runs...
Processed 160/200 retrieval runs...
Processed 180/200 retrieval runs...
Processed 200/200 retrieval runs...
Method: SMA
  Macro-F1: 0.3333
  label_hit_rate@1: 0.5000, label_hit_rate@5: 0.5000, label_hit_rate@10: 0.5000
  p50 Latency: 380.031 ms, p95 Latency: 658.434 ms
  [DIAGNOSTIC ALERT] Retrieval collapse: predicted only 'Anomaly' sessions
Method: BM25
  Macro-F1: 0.3333
  label_hit_rate@1: 0.5000, label_hit_rate@5: 0.5000, label_hit_rate@10: 0.5000
  p50 Latency: 39.210 ms, p95 Latency: 40.793 ms
  [DIAGNOSTIC ALERT] Retrieval collapse: predicted only 'Anomaly' sessions
Method: Dense RAG
  Macro-F1: 0.3333
  label_hit_rate@1: 0.5400, label_hit_rate@5: 0.5010, label_hit_rate@10: 0.4980
  p50 Latency: 24.761 ms, p95 Latency: 28.705 ms
  [DIAGNOSTIC ALERT] Retrieval collapse: predicted only 'Normal' sessions
Method: KG-PPR Proxy
  Macro-F1: 0.3333
  label_hit_rate@1: 0.5000, label_hit_rate@5: 0.5010, label_hit_rate@10: 0.5015
  p50 Latency: 7.132 ms, p95 Latency: 8.172 ms
  [DIAGNOSTIC ALERT] Retrieval collapse: predicted only 'Anomaly' sessions
Method: HippoRAG
  Macro-F1: 0.3333
  label_hit_rate@1: 0.5000, label_hit_rate@5: 0.5000, label_hit_rate@10: 0.5000
  p50 Latency: 57.920 ms, p95 Latency: 337.739 ms
  [DIAGNOSTIC ALERT] Retrieval collapse: predicted only 'Anomaly' sessions
Method: Hybrid-RRF
  Macro-F1: 0.3333
  label_hit_rate@1: 0.5000, label_hit_rate@5: 0.4970, label_hit_rate@10: 0.5005
  p50 Latency: 62.662 ms, p95 Latency: 67.189 ms
  [DIAGNOSTIC ALERT] Retrieval collapse: predicted only 'Anomaly' sessions
Method: Hybrid+Rerank
  Macro-F1: 0.4302
  label_hit_rate@1: 0.4550, label_hit_rate@5: 0.4870, label_hit_rate@10: 0.5065
  p50 Latency: 879.129 ms, p95 Latency: 901.946 ms
Appended 27 rows to /mnt/zephyr27/Documents/SMA-1/reports/confirmatory/t1_transfer_metrics.csv
Wrote 21000 rows -> /mnt/zephyr27/Documents/SMA-1/reports/confirmatory/t1_rows.csv
Wrote 84 rows -> /mnt/zephyr27/Documents/SMA-1/reports/confirmatory/t1_summary.csv
[t1 stats] BGL->spirit_first20M label_hit@1: SMA vs BM25: delta=0.0880 CI=[0.0340,0.1400] p_holm=0.010199 cliffs=0.0880
[t1 stats] BGL->spirit_first20M label_hit@1: SMA vs Dense RAG: delta=0.1270 CI=[0.0830,0.1690] p_holm=0.001200 cliffs=0.1270
[t1 stats] BGL->spirit_first20M label_hit@1: SMA vs HippoRAG: delta=0.0840 CI=[0.0320,0.1360] p_holm=0.006399 cliffs=0.0840
[t1 stats] BGL->spirit_first20M label_hit@1: SMA vs Hybrid+Rerank: delta=0.0410 CI=[-0.0080,0.0890] p_holm=0.195980 cliffs=0.0410
[t1 stats] BGL->spirit_first20M label_hit@1: SMA vs Hybrid-RRF: delta=0.0200 CI=[-0.0290,0.0680] p_holm=0.452355 cliffs=0.0200
[t1 stats] BGL->spirit_first20M label_hit@1: SMA vs KG-PPR Proxy: delta=0.0970 CI=[0.0640,0.1300] p_holm=0.001200 cliffs=0.0970
[t1 stats] BGL->thunderbird_first20M label_hit@1: SMA vs BM25: delta=0.2810 CI=[0.2430,0.3190] p_holm=0.001200 cliffs=0.2810
[t1 stats] BGL->thunderbird_first20M label_hit@1: SMA vs Dense RAG: delta=0.1670 CI=[0.1340,0.2000] p_holm=0.001200 cliffs=0.1670
[t1 stats] BGL->thunderbird_first20M label_hit@1: SMA vs HippoRAG: delta=0.1290 CI=[0.0970,0.1600] p_holm=0.001200 cliffs=0.1290
[t1 stats] BGL->thunderbird_first20M label_hit@1: SMA vs Hybrid+Rerank: delta=0.3370 CI=[0.2990,0.3740] p_holm=0.001200 cliffs=0.3370
[t1 stats] BGL->thunderbird_first20M label_hit@1: SMA vs Hybrid-RRF: delta=0.2740 CI=[0.2390,0.3110] p_holm=0.001200 cliffs=0.2740
[t1 stats] BGL->thunderbird_first20M label_hit@1: SMA vs KG-PPR Proxy: delta=0.2780 CI=[0.2480,0.3090] p_holm=0.001200 cliffs=0.2780
[t1 stats] HDFS->OpenStack label_hit@1: SMA vs BM25: delta=0.0000 CI=[0.0000,0.0000] p_holm=1.000000 cliffs=0.0000
[t1 stats] HDFS->OpenStack label_hit@1: SMA vs Dense RAG: delta=-0.0060 CI=[-0.0460,0.0340] p_holm=1.000000 cliffs=-0.0060
[t1 stats] HDFS->OpenStack label_hit@1: SMA vs HippoRAG: delta=0.0000 CI=[0.0000,0.0000] p_holm=1.000000 cliffs=0.0000
[t1 stats] HDFS->OpenStack label_hit@1: SMA vs Hybrid+Rerank: delta=-0.0410 CI=[-0.0820,0.0000] p_holm=0.325167 cliffs=-0.0410
[t1 stats] HDFS->OpenStack label_hit@1: SMA vs Hybrid-RRF: delta=0.0020 CI=[-0.0030,0.0070] p_holm=1.000000 cliffs=0.0020
[t1 stats] HDFS->OpenStack label_hit@1: SMA vs KG-PPR Proxy: delta=0.0010 CI=[-0.0370,0.0410] p_holm=1.000000 cliffs=0.0010
Wrote 18 rows -> /mnt/zephyr27/Documents/SMA-1/reports/confirmatory/t1_stats.csv
=== t1 complete in 7379s ===

[t2] seed 201: sampling HDFS (1000 stratified)...
[t2 seed 201] encoding 800 HDFS index cases...
[t2 seed 201] building SMA (frozen MatchConfig), BM25, Dense indexes...
[t2 seed 201] 20 anomalous HDFS queries scored...
[t2 seed 201] 40 anomalous HDFS queries scored...
[t2 seed 201] 60 anomalous HDFS queries scored...
[t2 seed 201] 80 anomalous HDFS queries scored...
[t2 seed 201] 100 anomalous HDFS queries scored...
[t2 seed 201] HDFS family leg done: 106 queries scored
[t2] seed 201: sampling BGL (1000 stratified) for triage...

--- Running transfer evaluation BGL_triage[seed201][surprisal] (800 index / 200 query cases) ---
Encoding index cases...
Encoding query cases...
Building SMA Index (scorer=surprisal)...
Building BM25 Index...
Building Dense RAG Index (SentenceTransformers)...
Building KG-PPR Proxy Index...
Building HippoRAG Index...
Loading cross-encoder reranker (Hybrid+Rerank)...
Starting retrieval runs...
Processed 20/200 retrieval runs...
Processed 40/200 retrieval runs...
Processed 60/200 retrieval runs...
Processed 80/200 retrieval runs...
Processed 100/200 retrieval runs...
Processed 120/200 retrieval runs...
Processed 140/200 retrieval runs...
Processed 160/200 retrieval runs...
Processed 180/200 retrieval runs...
Processed 200/200 retrieval runs...
Method: SMA
  Macro-F1: 0.9900
  label_hit_rate@1: 0.9850, label_hit_rate@5: 0.9790, label_hit_rate@10: 0.9785
  p50 Latency: 322.088 ms, p95 Latency: 3581.405 ms
Method: BM25
  Macro-F1: 0.9750
  label_hit_rate@1: 0.9500, label_hit_rate@5: 0.9610, label_hit_rate@10: 0.9605
  p50 Latency: 9.985 ms, p95 Latency: 437.155 ms
Method: Dense RAG
  Macro-F1: 0.9900
  label_hit_rate@1: 0.9950, label_hit_rate@5: 0.9910, label_hit_rate@10: 0.9860
  p50 Latency: 21.185 ms, p95 Latency: 46.723 ms
Method: KG-PPR Proxy
  Macro-F1: 0.9599
  label_hit_rate@1: 0.9850, label_hit_rate@5: 0.9250, label_hit_rate@10: 0.9120
  p50 Latency: 2.954 ms, p95 Latency: 42.123 ms
Method: HippoRAG
  Macro-F1: 0.7879
  label_hit_rate@1: 0.7650, label_hit_rate@5: 0.7290, label_hit_rate@10: 0.7160
  p50 Latency: 206.567 ms, p95 Latency: 690.373 ms
Method: Hybrid-RRF
  Macro-F1: 0.9900
  label_hit_rate@1: 1.0000, label_hit_rate@5: 0.9930, label_hit_rate@10: 0.9765
  p50 Latency: 30.564 ms, p95 Latency: 486.334 ms
Method: Hybrid+Rerank
  Macro-F1: 0.9850
  label_hit_rate@1: 0.9950, label_hit_rate@5: 0.9840, label_hit_rate@10: 0.9810
  p50 Latency: 826.285 ms, p95 Latency: 1237.536 ms

[t2] seed 202: sampling HDFS (1000 stratified)...
[t2 seed 202] encoding 800 HDFS index cases...
[t2 seed 202] building SMA (frozen MatchConfig), BM25, Dense indexes...
[t2 seed 202] 20 anomalous HDFS queries scored...
[t2 seed 202] 40 anomalous HDFS queries scored...
[t2 seed 202] 60 anomalous HDFS queries scored...
[t2 seed 202] 80 anomalous HDFS queries scored...
[t2 seed 202] 100 anomalous HDFS queries scored...
[t2 seed 202] HDFS family leg done: 105 queries scored
[t2] seed 202: sampling BGL (1000 stratified) for triage...

--- Running transfer evaluation BGL_triage[seed202][surprisal] (800 index / 200 query cases) ---
Encoding index cases...
Encoding query cases...
Building SMA Index (scorer=surprisal)...
Building BM25 Index...
Building Dense RAG Index (SentenceTransformers)...
Building KG-PPR Proxy Index...
Building HippoRAG Index...
Loading cross-encoder reranker (Hybrid+Rerank)...
Starting retrieval runs...
Processed 20/200 retrieval runs...
Processed 40/200 retrieval runs...
Processed 60/200 retrieval runs...
Processed 80/200 retrieval runs...
Processed 100/200 retrieval runs...
Processed 120/200 retrieval runs...
Processed 140/200 retrieval runs...
=== sequential battery restart 2026-06-12 18:03:45 -0400 (T1 already done) ===
=== launching t2 in fresh process 18:03:45 ===
=== Confirmatory battery: task=t2 mode=CONFIRMATORY (registered test seeds) ===
Test seeds (201, 202, 203, 204, 205), SSB seeds (41, 43) n=100 (prereg section 4, frozen at prereg-v1)

[t2] seed 201: sampling HDFS (1000 stratified)...
[t2 seed 201] encoding 800 HDFS index cases...
[t2 seed 201] building SMA (frozen MatchConfig), BM25, Dense indexes...
[t2 seed 201] 20 anomalous HDFS queries scored...
[t2 seed 201] 40 anomalous HDFS queries scored...
[t2 seed 201] 60 anomalous HDFS queries scored...
[t2 seed 201] 80 anomalous HDFS queries scored...
[t2 seed 201] 100 anomalous HDFS queries scored...
[t2 seed 201] HDFS family leg done: 106 queries scored
[t2] seed 201: sampling BGL (1000 stratified) for triage...

--- Running transfer evaluation BGL_triage[seed201][surprisal] (800 index / 200 query cases) ---
Encoding index cases...
Encoding query cases...
Building SMA Index (scorer=surprisal)...
Building BM25 Index...
Building Dense RAG Index (SentenceTransformers)...
Building KG-PPR Proxy Index...
Building HippoRAG Index...
Loading cross-encoder reranker (Hybrid+Rerank)...
Starting retrieval runs...
Processed 20/200 retrieval runs...
Processed 40/200 retrieval runs...
Processed 60/200 retrieval runs...
Processed 80/200 retrieval runs...
Processed 100/200 retrieval runs...
Processed 120/200 retrieval runs...
Processed 140/200 retrieval runs...
Processed 160/200 retrieval runs...
Processed 180/200 retrieval runs...
Processed 200/200 retrieval runs...
Method: SMA
  Macro-F1: 0.9900
  label_hit_rate@1: 0.9850, label_hit_rate@5: 0.9790, label_hit_rate@10: 0.9785
  p50 Latency: 316.140 ms, p95 Latency: 3759.546 ms
Method: BM25
  Macro-F1: 0.9750
  label_hit_rate@1: 0.9500, label_hit_rate@5: 0.9610, label_hit_rate@10: 0.9605
  p50 Latency: 9.967 ms, p95 Latency: 426.804 ms
Method: Dense RAG
  Macro-F1: 0.9900
  label_hit_rate@1: 0.9950, label_hit_rate@5: 0.9910, label_hit_rate@10: 0.9860
  p50 Latency: 23.799 ms, p95 Latency: 51.878 ms
Method: KG-PPR Proxy
  Macro-F1: 0.9599
  label_hit_rate@1: 0.9850, label_hit_rate@5: 0.9250, label_hit_rate@10: 0.9120
  p50 Latency: 3.276 ms, p95 Latency: 44.226 ms
Method: HippoRAG
  Macro-F1: 0.7879
  label_hit_rate@1: 0.7650, label_hit_rate@5: 0.7290, label_hit_rate@10: 0.7160
  p50 Latency: 235.174 ms, p95 Latency: 740.262 ms
Method: Hybrid-RRF
  Macro-F1: 0.9900
  label_hit_rate@1: 1.0000, label_hit_rate@5: 0.9930, label_hit_rate@10: 0.9765
  p50 Latency: 32.793 ms, p95 Latency: 472.963 ms
Method: Hybrid+Rerank
  Macro-F1: 0.9850
  label_hit_rate@1: 0.9950, label_hit_rate@5: 0.9840, label_hit_rate@10: 0.9810
  p50 Latency: 908.312 ms, p95 Latency: 1392.851 ms

[t2] seed 202: sampling HDFS (1000 stratified)...
[t2 seed 202] encoding 800 HDFS index cases...
[t2 seed 202] building SMA (frozen MatchConfig), BM25, Dense indexes...
[t2 seed 202] 20 anomalous HDFS queries scored...
[t2 seed 202] 40 anomalous HDFS queries scored...
[t2 seed 202] 60 anomalous HDFS queries scored...
[t2 seed 202] 80 anomalous HDFS queries scored...
[t2 seed 202] 100 anomalous HDFS queries scored...
[t2 seed 202] HDFS family leg done: 105 queries scored
[t2] seed 202: sampling BGL (1000 stratified) for triage...

--- Running transfer evaluation BGL_triage[seed202][surprisal] (800 index / 200 query cases) ---
Encoding index cases...
Encoding query cases...
Building SMA Index (scorer=surprisal)...
Building BM25 Index...
Building Dense RAG Index (SentenceTransformers)...
Building KG-PPR Proxy Index...
Building HippoRAG Index...
Loading cross-encoder reranker (Hybrid+Rerank)...
Starting retrieval runs...
Processed 20/200 retrieval runs...
Processed 40/200 retrieval runs...
Processed 60/200 retrieval runs...
Processed 80/200 retrieval runs...
Processed 100/200 retrieval runs...
Processed 120/200 retrieval runs...
Processed 140/200 retrieval runs...
Processed 160/200 retrieval runs...
Processed 180/200 retrieval runs...
Processed 200/200 retrieval runs...
Method: SMA
  Macro-F1: 1.0000
  label_hit_rate@1: 0.9950, label_hit_rate@5: 0.9890, label_hit_rate@10: 0.9630
  p50 Latency: 256.166 ms, p95 Latency: 3660.698 ms
  [DIAGNOSTIC ALERT] F1 is 1.0: Suspiciously perfect classification - potential data leakage or indexing overlap
Method: BM25
  Macro-F1: 0.9799
  label_hit_rate@1: 0.9650, label_hit_rate@5: 0.9580, label_hit_rate@10: 0.9565
  p50 Latency: 10.118 ms, p95 Latency: 455.657 ms
Method: Dense RAG
  Macro-F1: 0.9900
  label_hit_rate@1: 0.9900, label_hit_rate@5: 0.9800, label_hit_rate@10: 0.9655
  p50 Latency: 25.750 ms, p95 Latency: 51.309 ms
Method: KG-PPR Proxy
  Macro-F1: 0.9193
  label_hit_rate@1: 0.9300, label_hit_rate@5: 0.9080, label_hit_rate@10: 0.8895
  p50 Latency: 3.439 ms, p95 Latency: 46.537 ms
Method: HippoRAG
  Macro-F1: 0.5196
  label_hit_rate@1: 0.6200, label_hit_rate@5: 0.6300, label_hit_rate@10: 0.6635
  p50 Latency: 250.870 ms, p95 Latency: 753.586 ms
Method: Hybrid-RRF
  Macro-F1: 0.9900
  label_hit_rate@1: 0.9900, label_hit_rate@5: 0.9780, label_hit_rate@10: 0.9620
  p50 Latency: 34.661 ms, p95 Latency: 503.025 ms
Method: Hybrid+Rerank
  Macro-F1: 0.9900
  label_hit_rate@1: 0.9650, label_hit_rate@5: 0.9640, label_hit_rate@10: 0.9555
  p50 Latency: 983.248 ms, p95 Latency: 1436.273 ms

[t2] seed 203: sampling HDFS (1000 stratified)...
[t2 seed 203] encoding 800 HDFS index cases...
[t2 seed 203] building SMA (frozen MatchConfig), BM25, Dense indexes...
[t2 seed 203] 20 anomalous HDFS queries scored...
[t2 seed 203] 40 anomalous HDFS queries scored...
[t2 seed 203] 60 anomalous HDFS queries scored...
[t2 seed 203] 80 anomalous HDFS queries scored...
[t2 seed 203] 100 anomalous HDFS queries scored...
[t2 seed 203] HDFS family leg done: 106 queries scored
[t2] seed 203: sampling BGL (1000 stratified) for triage...

--- Running transfer evaluation BGL_triage[seed203][surprisal] (800 index / 200 query cases) ---
Encoding index cases...
Encoding query cases...
Building SMA Index (scorer=surprisal)...
Building BM25 Index...
Building Dense RAG Index (SentenceTransformers)...
Building KG-PPR Proxy Index...
Building HippoRAG Index...
Loading cross-encoder reranker (Hybrid+Rerank)...
Starting retrieval runs...
Processed 20/200 retrieval runs...
Processed 40/200 retrieval runs...
Processed 60/200 retrieval runs...
Processed 80/200 retrieval runs...
Processed 100/200 retrieval runs...
Processed 120/200 retrieval runs...
Processed 140/200 retrieval runs...
Processed 160/200 retrieval runs...
Processed 180/200 retrieval runs...
Processed 200/200 retrieval runs...
Method: SMA
  Macro-F1: 0.9849
  label_hit_rate@1: 0.9950, label_hit_rate@5: 0.9770, label_hit_rate@10: 0.9650
  p50 Latency: 276.029 ms, p95 Latency: 3770.505 ms
Method: BM25
  Macro-F1: 0.9950
  label_hit_rate@1: 0.9450, label_hit_rate@5: 0.9620, label_hit_rate@10: 0.9575
  p50 Latency: 11.358 ms, p95 Latency: 463.704 ms
Method: Dense RAG
  Macro-F1: 0.9900
  label_hit_rate@1: 0.9950, label_hit_rate@5: 0.9790, label_hit_rate@10: 0.9700
  p50 Latency: 25.863 ms, p95 Latency: 55.394 ms
Method: KG-PPR Proxy
  Macro-F1: 0.8998
  label_hit_rate@1: 0.9500, label_hit_rate@5: 0.9000, label_hit_rate@10: 0.8970
  p50 Latency: 3.717 ms, p95 Latency: 48.439 ms
Method: HippoRAG
  Macro-F1: 0.7362
  label_hit_rate@1: 0.6850, label_hit_rate@5: 0.7330, label_hit_rate@10: 0.6995
  p50 Latency: 265.924 ms, p95 Latency: 794.310 ms
Method: Hybrid-RRF
  Macro-F1: 0.9900
  label_hit_rate@1: 1.0000, label_hit_rate@5: 0.9780, label_hit_rate@10: 0.9630
  p50 Latency: 35.690 ms, p95 Latency: 515.968 ms
Method: Hybrid+Rerank
  Macro-F1: 0.9849
  label_hit_rate@1: 1.0000, label_hit_rate@5: 0.9800, label_hit_rate@10: 0.9705
  p50 Latency: 983.276 ms, p95 Latency: 1511.386 ms

[t2] seed 204: sampling HDFS (1000 stratified)...
[t2 seed 204] encoding 800 HDFS index cases...
[t2 seed 204] building SMA (frozen MatchConfig), BM25, Dense indexes...
[t2 seed 204] 20 anomalous HDFS queries scored...
[t2 seed 204] 40 anomalous HDFS queries scored...
[t2 seed 204] 60 anomalous HDFS queries scored...
[t2 seed 204] 80 anomalous HDFS queries scored...
[t2 seed 204] 100 anomalous HDFS queries scored...
[t2 seed 204] HDFS family leg done: 105 queries scored
[t2] seed 204: sampling BGL (1000 stratified) for triage...

--- Running transfer evaluation BGL_triage[seed204][surprisal] (800 index / 200 query cases) ---
Encoding index cases...
Encoding query cases...
Building SMA Index (scorer=surprisal)...
Building BM25 Index...
Building Dense RAG Index (SentenceTransformers)...
Building KG-PPR Proxy Index...
Building HippoRAG Index...
Loading cross-encoder reranker (Hybrid+Rerank)...
Starting retrieval runs...
Processed 20/200 retrieval runs...
Processed 40/200 retrieval runs...
Processed 60/200 retrieval runs...
Processed 80/200 retrieval runs...
Processed 100/200 retrieval runs...
Processed 120/200 retrieval runs...
Processed 140/200 retrieval runs...
Processed 160/200 retrieval runs...
Processed 180/200 retrieval runs...
Processed 200/200 retrieval runs...
Method: SMA
  Macro-F1: 0.9699
  label_hit_rate@1: 0.9900, label_hit_rate@5: 0.9730, label_hit_rate@10: 0.9620
  p50 Latency: 289.425 ms, p95 Latency: 3585.700 ms
Method: BM25
  Macro-F1: 0.9700
  label_hit_rate@1: 0.9500, label_hit_rate@5: 0.9530, label_hit_rate@10: 0.9555
  p50 Latency: 11.082 ms, p95 Latency: 435.441 ms
Method: Dense RAG
  Macro-F1: 0.9800
  label_hit_rate@1: 0.9900, label_hit_rate@5: 0.9820, label_hit_rate@10: 0.9825
  p50 Latency: 24.991 ms, p95 Latency: 51.575 ms
Method: KG-PPR Proxy
  Macro-F1: 0.9647
  label_hit_rate@1: 0.9550, label_hit_rate@5: 0.9430, label_hit_rate@10: 0.9310
  p50 Latency: 3.462 ms, p95 Latency: 42.847 ms
Method: HippoRAG
  Macro-F1: 0.5078
  label_hit_rate@1: 0.5450, label_hit_rate@5: 0.6320, label_hit_rate@10: 0.6950
  p50 Latency: 237.614 ms, p95 Latency: 718.085 ms
Method: Hybrid-RRF
  Macro-F1: 0.9799
  label_hit_rate@1: 0.9850, label_hit_rate@5: 0.9730, label_hit_rate@10: 0.9695
  p50 Latency: 33.825 ms, p95 Latency: 490.205 ms
Method: Hybrid+Rerank
  Macro-F1: 0.9800
  label_hit_rate@1: 0.9850, label_hit_rate@5: 0.9790, label_hit_rate@10: 0.9700
  p50 Latency: 914.576 ms, p95 Latency: 1374.606 ms

[t2] seed 205: sampling HDFS (1000 stratified)...
[t2 seed 205] encoding 800 HDFS index cases...
[t2 seed 205] building SMA (frozen MatchConfig), BM25, Dense indexes...
[t2 seed 205] 20 anomalous HDFS queries scored...
[t2 seed 205] 40 anomalous HDFS queries scored...
[t2 seed 205] 60 anomalous HDFS queries scored...
[t2 seed 205] 80 anomalous HDFS queries scored...
[t2 seed 205] 100 anomalous HDFS queries scored...
[t2 seed 205] HDFS family leg done: 106 queries scored
[t2] seed 205: sampling BGL (1000 stratified) for triage...

--- Running transfer evaluation BGL_triage[seed205][surprisal] (800 index / 200 query cases) ---
Encoding index cases...
Encoding query cases...
Building SMA Index (scorer=surprisal)...
Building BM25 Index...
Building Dense RAG Index (SentenceTransformers)...
Building KG-PPR Proxy Index...
Building HippoRAG Index...
Loading cross-encoder reranker (Hybrid+Rerank)...
Starting retrieval runs...
Processed 20/200 retrieval runs...
Processed 40/200 retrieval runs...
Processed 60/200 retrieval runs...
Processed 80/200 retrieval runs...
Processed 100/200 retrieval runs...
Processed 120/200 retrieval runs...
Processed 140/200 retrieval runs...
Processed 160/200 retrieval runs...
Processed 180/200 retrieval runs...
Processed 200/200 retrieval runs...
Method: SMA
  Macro-F1: 0.9849
  label_hit_rate@1: 0.9900, label_hit_rate@5: 0.9850, label_hit_rate@10: 0.9735
  p50 Latency: 282.377 ms, p95 Latency: 3642.950 ms
Method: BM25
  Macro-F1: 0.9849
  label_hit_rate@1: 0.9650, label_hit_rate@5: 0.9650, label_hit_rate@10: 0.9635
  p50 Latency: 10.147 ms, p95 Latency: 458.201 ms
Method: Dense RAG
  Macro-F1: 0.9900
  label_hit_rate@1: 0.9900, label_hit_rate@5: 0.9850, label_hit_rate@10: 0.9800
  p50 Latency: 25.725 ms, p95 Latency: 55.877 ms
Method: KG-PPR Proxy
  Macro-F1: 0.9599
  label_hit_rate@1: 0.9150, label_hit_rate@5: 0.8890, label_hit_rate@10: 0.8875
  p50 Latency: 3.402 ms, p95 Latency: 46.617 ms
Method: HippoRAG
  Macro-F1: 0.8875
  label_hit_rate@1: 0.9000, label_hit_rate@5: 0.8040, label_hit_rate@10: 0.7440
  p50 Latency: 253.761 ms, p95 Latency: 786.369 ms
Method: Hybrid-RRF
  Macro-F1: 0.9900
  label_hit_rate@1: 0.9850, label_hit_rate@5: 0.9860, label_hit_rate@10: 0.9740
  p50 Latency: 33.839 ms, p95 Latency: 505.575 ms
Method: Hybrid+Rerank
  Macro-F1: 0.9599
  label_hit_rate@1: 0.9700, label_hit_rate@5: 0.9650, label_hit_rate@10: 0.9690
  p50 Latency: 987.018 ms, p95 Latency: 1520.100 ms
Wrote 8584 rows -> /mnt/zephyr27/Documents/SMA-1/reports/confirmatory/t2_rows.csv
Wrote 34 rows -> /mnt/zephyr27/Documents/SMA-1/reports/confirmatory/t2_summary.csv
[t2 stats] HDFS_family_common family_hit@5: SMA vs BM25: delta=0.1433 CI=[0.1174,0.1693] p_holm=0.000400 cliffs=0.2666
[t2 stats] HDFS_family_common family_hit@5: SMA vs Dense RAG: delta=0.2503 CI=[0.1972,0.3030] p_holm=0.000400 cliffs=0.3515
[t2 stats] HDFS_family_rare family_hit@5: SMA vs BM25: delta=0.5543 CI=[0.4037,0.7000] p_holm=0.000400 cliffs=0.7037
[t2 stats] HDFS_family_rare family_hit@5: SMA vs Dense RAG: delta=0.6580 CI=[0.5136,0.7963] p_holm=0.000400 cliffs=0.8313
[t2 stats] BGL_triage label_hit@1: SMA vs BM25: delta=0.0360 CI=[0.0230,0.0500] p_holm=0.001200 cliffs=0.0360
[t2 stats] BGL_triage label_hit@1: SMA vs Dense RAG: delta=-0.0010 CI=[-0.0070,0.0050] p_holm=1.000000 cliffs=-0.0010
[t2 stats] BGL_triage label_hit@1: SMA vs HippoRAG: delta=0.2880 CI=[0.2590,0.3170] p_holm=0.001200 cliffs=0.2880
[t2 stats] BGL_triage label_hit@1: SMA vs Hybrid+Rerank: delta=0.0080 CI=[0.0000,0.0160] p_holm=0.154185 cliffs=0.0080
[t2 stats] BGL_triage label_hit@1: SMA vs Hybrid-RRF: delta=-0.0010 CI=[-0.0080,0.0050] p_holm=1.000000 cliffs=-0.0010
[t2 stats] BGL_triage label_hit@1: SMA vs KG-PPR Proxy: delta=0.0440 CI=[0.0300,0.0580] p_holm=0.001200 cliffs=0.0440
Wrote 10 rows -> /mnt/zephyr27/Documents/SMA-1/reports/confirmatory/t2_stats.csv
=== t2 complete in 3272s ===
=== t2 exited rc=0 18:58:18 ===
=== launching t3 in fresh process 18:58:18 ===
=== Confirmatory battery: task=t3 mode=CONFIRMATORY (registered test seeds) ===
Test seeds (201, 202, 203, 204, 205), SSB seeds (41, 43) n=100 (prereg section 4, frozen at prereg-v1)
[t3] loading bugs from /mnt/zephyr27/Documents/SMA-1/data/raw/bugsinpy ...
[t3] 500 bugs; 'other' share 59.0% (excluded from metric denominators)
[t3] pre-encoding all patch texts...
[t3] fold 1/17 PySnooper: 3 queries vs 497 index bugs
[t3] fold 2/17 ansible: 18 queries vs 482 index bugs
[t3] fold 3/17 black: 23 queries vs 477 index bugs
[t3] fold 4/17 cookiecutter: 4 queries vs 496 index bugs
[t3] fold 5/17 fastapi: 16 queries vs 484 index bugs
[t3] fold 6/17 httpie: 5 queries vs 495 index bugs
[t3] fold 7/17 keras: 44 queries vs 456 index bugs
[t3] fold 8/17 luigi: 33 queries vs 467 index bugs
[t3] fold 9/17 matplotlib: 30 queries vs 470 index bugs
[t3] fold 10/17 pandas: 169 queries vs 331 index bugs
[t3] fold 11/17 sanic: 5 queries vs 495 index bugs
[t3] fold 12/17 scrapy: 40 queries vs 460 index bugs
[t3] fold 13/17 spacy: 10 queries vs 490 index bugs
[t3] fold 14/17 thefuck: 32 queries vs 468 index bugs
[t3] fold 15/17 tornado: 16 queries vs 484 index bugs
[t3] fold 16/17 tqdm: 9 queries vs 491 index bugs
[t3] fold 17/17 youtube-dl: 43 queries vs 457 index bugs
Wrote 1500 rows -> /mnt/zephyr27/Documents/SMA-1/reports/confirmatory/t3_rows.csv
Wrote 6 rows -> /mnt/zephyr27/Documents/SMA-1/reports/confirmatory/t3_summary.csv
[t3 stats] bugsinpy_lopo category_hit@1: SMA vs BM25: delta=0.1176 CI=[0.0343,0.2010] p_holm=0.005799 cliffs=0.1176
[t3 stats] bugsinpy_lopo category_hit@1: SMA vs Dense RAG: delta=0.1912 CI=[0.1225,0.2647] p_holm=0.000400 cliffs=0.1912
[t3 stats] bugsinpy_lopo category_hit@5: SMA vs BM25: delta=0.0971 CI=[0.0598,0.1343] p_holm=0.000400 cliffs=0.2181
[t3 stats] bugsinpy_lopo category_hit@5: SMA vs Dense RAG: delta=0.2039 CI=[0.1676,0.2402] p_holm=0.000400 cliffs=0.4716
Wrote 4 rows -> /mnt/zephyr27/Documents/SMA-1/reports/confirmatory/t3_stats.csv
=== t3 complete in 95s ===
=== t3 exited rc=0 18:59:55 ===
=== launching t4 in fresh process 18:59:55 ===
=== Confirmatory battery: task=t4 mode=CONFIRMATORY (registered test seeds) ===
Test seeds (201, 202, 203, 204, 205), SSB seeds (41, 43) n=100 (prereg section 4, frozen at prereg-v1)
[t4] corpus: 5000 sessions (250 needles)
[t4] pass 1: scanning liberty2.gz lines [60,000,000, 80,000,000)...
[t4] pass 1 done in 37s: 12948 eligible out-of-corpus needle sessions
[t4] pass 2: extracting 198 needle sessions...
[t4] pass 2 done in 33s
[t4] encoding 5000 corpus sessions (Tier-0)...
[t4] encoded 500/5000...
[t4] encoded 1000/5000...
[t4] encoded 1500/5000...
[t4] encoded 2000/5000...
[t4] encoded 2500/5000...
[t4] encoded 3000/5000...
[t4] encoded 3500/5000...
[t4] encoded 4000/5000...
[t4] encoded 4500/5000...
[t4] encoded 5000/5000...
[t4] building SMA index (frozen MatchConfig)...
[t4] building BM25 index...
[t4] building Dense RAG index (all-MiniLM-L6-v2)...

[t4] seed 201: 40 out-of-corpus needle probes
[t4] seed 201: 10/40 probes done
[t4] seed 201: 20/40 probes done
[t4] seed 201: 30/40 probes done
[t4] seed 201: 40/40 probes done

[t4] seed 202: 40 out-of-corpus needle probes
[t4] seed 202: 10/40 probes done
[t4] seed 202: 20/40 probes done
[t4] seed 202: 30/40 probes done
[t4] seed 202: 40/40 probes done

[t4] seed 203: 40 out-of-corpus needle probes
[t4] seed 203: 10/40 probes done
[t4] seed 203: 20/40 probes done
[t4] seed 203: 30/40 probes done
[t4] seed 203: 40/40 probes done

[t4] seed 204: 40 out-of-corpus needle probes
[t4] seed 204: 10/40 probes done
[t4] seed 204: 20/40 probes done
[t4] seed 204: 30/40 probes done
[t4] seed 204: 40/40 probes done

[t4] seed 205: 40 out-of-corpus needle probes
[t4] seed 205: 10/40 probes done
[t4] seed 205: 20/40 probes done
[t4] seed 205: 30/40 probes done
[t4] seed 205: 40/40 probes done
Wrote 800 rows -> /mnt/zephyr27/Documents/SMA-1/reports/confirmatory/t4_rows.csv
Wrote 8 rows -> /mnt/zephyr27/Documents/SMA-1/reports/confirmatory/t4_summary.csv
[t4 stats] liberty_haystack needle_hit@5: Hybrid-RRF vs BM25: delta=0.0410 CI=[0.0250,0.0580] p_holm=0.000600 cliffs=0.1095
[t4 stats] liberty_haystack needle_hit@5: Hybrid-RRF vs Dense RAG: delta=0.0000 CI=[0.0000,0.0000] p_holm=1.000000 cliffs=0.0000
[t4 stats] liberty_haystack needle_hit@5: Hybrid-RRF vs SMA: delta=0.0000 CI=[0.0000,0.0000] p_holm=1.000000 cliffs=0.0000
[t4 stats] liberty_haystack needle_hit@5: SMA vs BM25: delta=0.0410 CI=[0.0250,0.0580] p_holm=0.000600 cliffs=0.1095
[t4 stats] liberty_haystack needle_hit@5: SMA vs Dense RAG: delta=0.0000 CI=[0.0000,0.0000] p_holm=1.000000 cliffs=0.0000
[t4 stats] liberty_haystack needle_hit@5: SMA vs Hybrid-RRF: delta=0.0000 CI=[0.0000,0.0000] p_holm=1.000000 cliffs=0.0000
Wrote 6 rows -> /mnt/zephyr27/Documents/SMA-1/reports/confirmatory/t4_stats.csv
=== t4 complete in 432s ===
=== t4 exited rc=0 19:07:08 ===
=== launching ssb in fresh process 19:07:08 ===
=== Confirmatory battery: task=ssb mode=CONFIRMATORY (registered test seeds) ===
Test seeds (201, 202, 203, 204, 205), SSB seeds (41, 43) n=100 (prereg section 4, frozen at prereg-v1)

[ssb] seed 41: forced-choice (n=100)...
[ssb] seed 41: forced-choice r1=1.0000 mrr=1.0000
[ssb] seed 41: library (n=100, 2n cases)...
[ssb] seed 41: ssb_library_100_sma: r1=0.9000 mrr=0.9500
[ssb] seed 41: ssb_library_100_bm25: r1=0.0000 mrr=0.0069
[ssb] seed 41: ssb_library_100_tfidf_dense: r1=0.0000 mrr=0.0069

[ssb] seed 43: forced-choice (n=100)...
[ssb] seed 43: forced-choice r1=1.0000 mrr=1.0000
[ssb] seed 43: library (n=100, 2n cases)...
[ssb] seed 43: ssb_library_100_sma: r1=0.8900 mrr=0.9450
[ssb] seed 43: ssb_library_100_bm25: r1=0.0000 mrr=0.0134
[ssb] seed 43: ssb_library_100_tfidf_dense: r1=0.0000 mrr=0.0134
Wrote 800 rows -> /mnt/zephyr27/Documents/SMA-1/reports/confirmatory/ssb_rows.csv
Wrote 8 rows -> /mnt/zephyr27/Documents/SMA-1/reports/confirmatory/ssb_summary.csv
[ssb stats] library r1: SMA vs BM25: delta=0.8950 CI=[0.8500,0.9350] p_holm=0.000400 cliffs=0.8950
[ssb stats] library r1: SMA vs TFIDF-Dense: delta=0.8950 CI=[0.8500,0.9350] p_holm=0.000400 cliffs=0.8950
[ssb stats] library mrr: SMA vs BM25: delta=0.9373 CI=[0.9129,0.9590] p_holm=0.000400 cliffs=0.9995
[ssb stats] library mrr: SMA vs TFIDF-Dense: delta=0.9373 CI=[0.9129,0.9590] p_holm=0.000400 cliffs=0.9995
Wrote 4 rows -> /mnt/zephyr27/Documents/SMA-1/reports/confirmatory/ssb_stats.csv
=== ssb complete in 18s ===
=== ssb exited rc=0 19:07:26 ===
=== sequential battery complete 2026-06-12 19:07:26 -0400 ===
